2024-06-12T10:57:11.056Z [33mwarn[39m: Received a GET request for /api/projects - Unauthorized
2024-06-12T10:57:16.721Z [32mhttp[39m: Received a GET request for /api/auth/github
2024-06-12T10:57:22.946Z [32mhttp[39m: Received a GET request for /api/auth/github
2024-06-12T10:57:23.037Z [32mhttp[39m: Received a GET request for /api/auth/github
2024-06-12T10:57:25.273Z [32mhttp[39m: Received a GET request for /api/auth/github/callback?code=07275bd270c223f3166a
2024-06-12T10:57:26.360Z [32mhttp[39m: Received a GET request for /api/auth/success
2024-06-12T10:57:28.306Z [32mhttp[39m: Received a GET request for /api/projects
2024-06-12T10:57:36.963Z [32minfo[39m: Received a GET request for /api/projects/ab0bpoh7yj0qztzt5j5p796y/flags
2024-06-12T10:58:40.787Z [32mhttp[39m: Received a GET request for /api/projects/ab0bpoh7yj0qztzt5j5p796y/flags
2024-06-12T10:59:05.072Z [32minfo[39m: Received a GET request for /api/projects/ab0bpoh7yj0qztzt5j5p796y/environments
2024-06-12T10:59:58.539Z [32mhttp[39m: Received a GET request for /api/projects/ab0bpoh7yj0qztzt5j5p796y/flags
2024-06-12T11:02:15.386Z [32mhttp[39m: Received a GET request for /api/projects/ab0bpoh7yj0qztzt5j5p796y/flags
2024-06-12T11:02:47.820Z [32mhttp[39m: Received a GET request for /api/projects/ab0bpoh7yj0qztzt5j5p796y/flags
2024-06-12T11:04:44.774Z [32mhttp[39m: Received a GET request for /api/projects/ab0bpoh7yj0qztzt5j5p796y/flags
2024-06-12T11:06:53.670Z [32mhttp[39m: Received a GET request for /api/projects/ab0bpoh7yj0qztzt5j5p796y/flags
2024-06-12T11:12:57.926Z [31merror[39m: Received a GET request for /api/projects/ab0bpoh7yj0qztzt5j5p796y/flags
2024-06-12T11:13:13.918Z [31merror[39m: Received a GET request for /api/projects/ab0bpoh7yj0qztzt5j5p796y/flags
2024-06-12T11:13:23.828Z [31merror[39m: Received a GET request for /api/projects/ab0bpoh7yj0qztzt5j5p796y/flags
2024-06-12T11:14:36.007Z [31merror[39m: Received a GET request for /api/projects/ab0bpoh7yj0qztzt5j5p796y/flags
2024-06-12T11:14:43.533Z [32minfo[39m: Received a GET request for /api/projects/ab0bpoh7yj0qztzt5j5p796y/flags
2024-06-12T11:18:58.074Z [32mhttp[39m: Received a GET request for /api/projects/ab0bpoh7yj0qztzt5j5p796y/flags
2024-06-12T12:27:06.208Z [32mhttp[39m: Received a GET request for /api/auth/github
2024-06-12T12:27:09.603Z [32mhttp[39m: Received a GET request for /api/auth/github
2024-06-12T12:27:12.788Z [32mhttp[39m: Received a GET request for /api/auth/github/callback?code=0b377804bb95fecbd4ae
2024-06-12T12:27:25.993Z [32minfo[39m: Received a GET request for /api/auth/success
2024-06-12T12:27:25.998Z [32mhttp[39m: Received a GET request for /api/auth/github
2024-06-12T12:27:28.290Z [32mhttp[39m: Received a GET request for /api/auth/github/callback?code=c372f0813826f6fb12b6
2024-06-12T12:27:29.192Z [32minfo[39m: Received a GET request for /api/auth/success
2024-06-12T12:27:33.863Z [32mhttp[39m: Received a GET request for /api/projects/ab0bpoh7yj0qztzt5j5p796y/flags
2024-06-12T12:27:44.909Z [32mhttp[39m: Received a GET request for /api/projects/ab0bpoh7yj0qztzt5j5p796y/environments
2024-06-12T12:32:54.312Z [31merror[39m: Received a GET request for /api/projects/ab0bpoh7yj0qztzt5j5p796y/flags
2024-06-12T12:33:19.563Z [32minfo[39m: Received a GET request for /api/projects/ab0bpoh7yj0qztzt5j5p796y/flags
2024-06-12T12:34:00.802Z [31merror[39m: Received a GET request for /api/projects/ab0bpoh7yj0qztzt5j5p796y/flags
2024-06-12T12:34:20.062Z [31merror[39m: Received a GET request for /api/projects/ab0bpoh7yj0qztzt5j5p796y/flags
2024-06-12T12:34:32.015Z [31merror[39m: Received a GET request for /api/projects/ab0bpoh7yj0qztzt5j5p796y/flags
2024-06-12T12:34:42.287Z [31merror[39m: Received a GET request for /api/projects/ab0bpoh7yj0qztzt5j5p796y/flags
2024-06-12T12:35:33.122Z [31merror[39m: Received a GET request for /api/projects/ab0bpoh7yj0qztzt5j5p796y/flags
2024-06-12T12:35:46.469Z [32minfo[39m: Received a GET request for /api/projects/ab0bpoh7yj0qztzt5j5p796y/flags
2024-06-12T12:36:25.620Z [31merror[39m: Received a GET request for /api/projects/ab0bpoh7yj0qztzt5j5p796y/flags
2024-06-12T12:36:43.134Z [31merror[39m: Received a GET request for /api/projects/ab0bpoh7yj0qztzt5j5p796y/flags
2024-06-12T12:42:32.121Z [31merror[39m: Received a GET request for /api/projects/ab0bpoh7yj0qztzt5j5p796y/flags
2024-06-12T12:42:57.713Z [31merror[39m: Received a GET request for /api/projects/ab0bpoh7yj0qztzt5j5p796y/flags
2024-06-12T12:43:12.166Z [32minfo[39m: Received a GET request for /api/projects/ab0bpoh7yj0qztzt5j5p796y/flags
2024-06-12T12:43:27.448Z [31merror[39m: Received a GET request for /api/projects/ab0bpoh7yj0qztzt5j5p796y/flags
2024-06-12T12:44:00.040Z [32minfo[39m: Received a GET request for /api/projects/ab0bpoh7yj0qztzt5j5p796y/flags
2024-06-12T12:44:41.133Z [32mhttp[39m: Received a GET request for /api/projects/ab0bpoh7yj0qztzt5j5p796y/flags
2024-06-12T12:44:53.701Z [32mhttp[39m: Received a GET request for /api/projects/ab0bpoh7yj0qztzt5j5p796y/flags
2024-06-12T12:46:17.695Z [32mhttp[39m: Received a GET request for /api/projects/ab0bpoh7yj0qztzt5j5p796y/flags
2024-06-12T12:47:58.340Z [31merror[39m: Received a PUT request for /api/flags/m8lhd8k4nlwkqbfdkqga5ktk/column
2024-06-12T12:48:31.967Z [31merror[39m: Received a PUT request for /api/flags/m8lhd8k4nlwkqbfdkqga5ktk/column
2024-06-12T12:48:50.431Z [31merror[39m: Received a PUT request for /api/flags/m8lhd8k4nlwkqbfdkqga5ktk/column
2024-06-12T12:51:39.023Z [31merror[39m: Received a PUT request for /api/flags/m8lhd8k4nlwkqbfdkqga5ktk/column
2024-06-12T12:52:39.595Z [31merror[39m: Received a PUT request for /api/flags/m8lhd8k4nlwkqbfdkqga5ktk/column
2024-06-12T12:53:38.891Z [31merror[39m: Received a PUT request for /api/flags/m8lhd8k4nlwkqbfdkqga5ktk/column
2024-06-12T12:59:48.426Z [33mwarn[39m: Received a PUT request for /api/flags/m8lhd8k4nlwkqbfdkqga5ktk/column - Unauthorized
2024-06-12T13:09:24.997Z [32mhttp[39m: Received a GET request for /api/docs/
2024-06-12T13:09:25.073Z [32mhttp[39m: Received a GET request for /api/docs/swagger-ui.css
2024-06-12T13:09:25.077Z [32mhttp[39m: Received a GET request for /api/docs/swagger-ui-standalone-preset.js
2024-06-12T13:09:25.086Z [32mhttp[39m: Received a GET request for /api/docs/swagger-ui-init.js
2024-06-12T13:09:25.103Z [32minfo[39m: Received a GET request for /api/docs/swagger-ui-bundle.js
2024-06-12T13:09:25.813Z [32mhttp[39m: Received a GET request for /api/docs/favicon-32x32.png
2024-06-12T13:09:50.637Z [33mwarn[39m: Received a PUT request for /api/flags/1/column - Unauthorized
2024-06-12T13:09:56.091Z [32mhttp[39m: Received a GET request for /api/auth/github
2024-06-12T13:09:57.044Z [32mhttp[39m: Received a GET request for /api/auth/github
2024-06-12T13:09:59.518Z [32mhttp[39m: Received a GET request for /api/auth/github/callback?code=281f7cc8a0b8e093ccf8
2024-06-12T13:10:00.330Z [32mhttp[39m: Received a GET request for /api/auth/success
2024-06-12T13:10:06.809Z [31merror[39m: Received a PUT request for /api/flags/1/column
2024-06-12T13:11:26.931Z [31merror[39m: Received a PUT request for /api/flags/1/column
2024-06-12T13:11:43.263Z [31merror[39m: Received a PUT request for /api/flags/1/column
2024-06-12T13:12:28.619Z [32mhttp[39m: Received a GET request for /api/auth/github
2024-06-12T13:12:29.676Z [32mhttp[39m: Received a GET request for /api/auth/github
2024-06-12T13:12:31.885Z [32mhttp[39m: Received a GET request for /api/auth/github/callback?code=d5721d36acdcd7170ec6
2024-06-12T13:12:32.630Z [32mhttp[39m: Received a GET request for /api/auth/success
2024-06-12T13:12:55.135Z [31merror[39m: Received a PUT request for /api/flags/1/column
2024-06-12T13:14:28.726Z [31merror[39m: Received a PUT request for /api/flags/1/column
2024-06-12T13:14:49.577Z [31merror[39m: Received a PUT request for /api/flags/1/column
2024-06-12T13:24:50.249Z [31merror[39m: Received a PUT request for /api/flags/1/column
2024-06-12T13:27:50.673Z [31merror[39m: Received a PUT request for /api/flags/1/column
2024-06-12T13:30:13.709Z [31merror[39m: Received a PUT request for /api/flags/1/column
2024-06-12T13:31:28.573Z [31merror[39m: Received a PUT request for /api/flags/1/column
2024-06-12T13:31:46.532Z [31merror[39m: Received a PUT request for /api/flags/1/column
2024-06-12T13:41:11.424Z [31merror[39m: Received a PUT request for /api/flags/1/column
2024-06-12T13:41:44.989Z [31merror[39m: Received a PUT request for /api/flags/1/column
2024-06-12T13:42:04.391Z [31merror[39m: Received a PUT request for /api/flags/1/column
2024-06-12T13:43:21.526Z [33mwarn[39m: Received a PUT request for /api/flags/1/column - Unauthorized
2024-06-12T13:43:35.728Z [32mhttp[39m: Received a GET request for /api/auth/github
2024-06-12T13:43:37.408Z [32mhttp[39m: Received a GET request for /api/auth/github
2024-06-12T13:43:39.738Z [32mhttp[39m: Received a GET request for /api/auth/github/callback?code=a293dd489887b970191d
2024-06-12T13:43:40.302Z [32mhttp[39m: Received a GET request for /api/auth/success
2024-06-12T13:44:03.563Z [31merror[39m: Received a PUT request for /api/flags/1/column
2024-06-12T13:44:05.155Z [31merror[39m: Received a PUT request for /api/flags/1/column
2024-06-12T13:44:59.279Z [31merror[39m: Received a PUT request for /api/flags/1/column
2024-06-12T15:44:20.429Z [32mhttp[39m: Received a GET request for /api/auth/github
2024-06-12T15:44:21.343Z [32mhttp[39m: Received a GET request for /api/auth/github
2024-06-12T15:44:26.595Z [32mhttp[39m: Received a GET request for /api/auth/github/callback?code=2cae37f5f1a9270dd493
2024-06-12T15:44:31.870Z [32mhttp[39m: Received a GET request for /api/auth/success
2024-06-12T15:44:35.406Z [31merror[39m: Received a PUT request for /api/flags/1/column
2024-06-12T15:45:04.949Z [31merror[39m: Received a PUT request for /api/flags/f7980f78-7466-4ea3-a3f8-b6c8449bdb4e/column
2024-06-12T15:45:27.388Z [32minfo[39m: Received a POST request for /api/projects
2024-06-12T15:46:05.788Z [32minfo[39m: Received a POST request for /api/environments
2024-06-12T15:47:43.338Z [33mwarn[39m: Received a POST request for /api/flags - Bad Request
2024-06-12T15:47:57.245Z [32minfo[39m: Received a POST request for /api/flags
2024-06-12T15:53:01.200Z [31merror[39m: Received a PUT request for /api/flags/k05ywjx8dyle0bkdwecp5llu/column
2024-06-12T15:58:19.222Z [32minfo[39m: Received a PUT request for /api/flags/k05ywjx8dyle0bkdwecp5llu/column
2024-06-12T15:59:11.435Z [31merror[39m: Received a PUT request for /api/flags/k05ywjx8dyle0bkdwecp5llu/column
2024-06-12T16:00:04.597Z [32minfo[39m: Received a PUT request for /api/flags/k05ywjx8dyle0bkdwecp5llu/column
2024-06-12T16:00:36.735Z [32minfo[39m: Received a PUT request for /api/flags/k05ywjx8dyle0bkdwecp5llu/column
2024-06-12T16:00:46.603Z [32minfo[39m: Received a PUT request for /api/flags/k05ywjx8dyle0bkdwecp5llu/column
2024-06-12T16:01:02.385Z [32minfo[39m: Received a PUT request for /api/flags/k05ywjx8dyle0bkdwecp5llu/column
2024-06-12T16:02:16.301Z [32minfo[39m: Received a GET request for /api/projects/wm2uh5uif2bokpze95cg508y/flags
2024-06-12T16:03:55.512Z [32minfo[39m: Received a GET request for /api/projects/wm2uh5uif2bokpze95cg508y/flags
2024-06-12T16:21:07.961Z [33mwarn[39m: Received a GET request for /api/projects/wm2uh5uif2bokpze95cg508y/flags - Unauthorized
2024-06-12T16:21:13.799Z [32mhttp[39m: Received a GET request for /api/auth/github
2024-06-12T16:21:14.849Z [32mhttp[39m: Received a GET request for /api/auth/github
2024-06-12T16:21:20.449Z [32mhttp[39m: Received a GET request for /api/auth/github/callback?code=3550e37bc0befe49f788
2024-06-12T16:21:22.305Z [32mhttp[39m: Received a GET request for /api/auth/success
2024-06-12T16:21:26.501Z [32mhttp[39m: Received a GET request for /api/projects/wm2uh5uif2bokpze95cg508y/flags
2024-06-12T16:22:18.846Z [32mhttp[39m: Received a GET request for /api/projects/wm2uh5uif2bokpze95cg508y/flags
2024-06-12T16:26:38.592Z [32minfo[39m: Received a GET request for /api/projects/wm2uh5uif2bokpze95cg508y/flags
2024-06-12T16:27:44.161Z [32mhttp[39m: Received a GET request for /api/projects/wm2uh5uif2bokpze95cg508y/flags
2024-06-12T16:28:22.366Z [32mhttp[39m: Received a GET request for /api/projects/wm2uh5uif2bokpze95cg508y/flags
2024-06-12T16:28:58.258Z [31merror[39m: Received a GET request for /api/projects/wm2uh5uif2bokpze95cg508y/flags
2024-06-12T16:29:42.721Z [32minfo[39m: Received a GET request for /api/projects/wm2uh5uif2bokpze95cg508y/flags
2024-06-12T16:30:41.554Z [32mhttp[39m: Received a GET request for /api/projects/wm2uh5uif2bokpze95cg508y/flags
2024-06-12T16:31:52.383Z [31merror[39m: Received a GET request for /api/projects/wm2uh5uif2bokpze95cg508y/flags
2024-06-12T16:33:07.826Z [32minfo[39m: Received a GET request for /api/projects/wm2uh5uif2bokpze95cg508y/flags
2024-06-12T16:45:33.048Z [32mhttp[39m: Received a GET request for /api/projects/wm2uh5uif2bokpze95cg508y/flags
2024-06-12T16:52:06.158Z [33mwarn[39m: Received a GET request for /api/projects/wm2uh5uif2bokpze95cg508y/flags - Unauthorized
2024-06-12T16:52:10.373Z [32mhttp[39m: Received a GET request for /api/auth/github
2024-06-12T16:52:10.900Z [32mhttp[39m: Received a GET request for /api/auth/github
2024-06-12T16:52:13.245Z [32mhttp[39m: Received a GET request for /api/auth/github/callback?code=80e8cee633c63c2e4cc7
2024-06-12T16:52:13.950Z [32mhttp[39m: Received a GET request for /api/auth/success
2024-06-12T16:52:18.471Z [32minfo[39m: Received a GET request for /api/projects/wm2uh5uif2bokpze95cg508y/flags
2024-06-12T16:52:53.371Z [32minfo[39m: Received a GET request for /api/projects/wm2uh5uif2bokpze95cg508y/flags
2024-06-12T16:53:27.797Z [32mhttp[39m: Received a GET request for /api/projects/wm2uh5uif2bokpze95cg508y/flags
2024-06-12T16:53:51.177Z [32mhttp[39m: Received a GET request for /api/projects/wm2uh5uif2bokpze95cg508y/flags
2024-06-12T16:54:30.782Z [32minfo[39m: Received a GET request for /api/projects/wm2uh5uif2bokpze95cg508y/flags
2024-06-12T16:56:20.253Z [32minfo[39m: Received a GET request for /api/projects/wm2uh5uif2bokpze95cg508y/flags
2024-06-12T16:57:32.488Z [32minfo[39m: Received a POST request for /api/environments
2024-06-12T16:57:51.032Z [32minfo[39m: Received a GET request for /api/projects/wm2uh5uif2bokpze95cg508y/flags
2024-06-12T16:58:05.410Z [32mhttp[39m: Received a GET request for /api/projects/wm2uh5uif2bokpze95cg508y/flags
2024-06-12T16:58:34.408Z [32mhttp[39m: Received a GET request for /api/projects/wm2uh5uif2bokpze95cg508y/flags
2024-06-12T16:59:11.102Z [32mhttp[39m: Received a GET request for /api/projects/wm2uh5uif2bokpze95cg508y/flags
2024-06-12T17:00:07.342Z [32minfo[39m: Received a POST request for /api/flags
2024-06-12T17:00:14.606Z [32minfo[39m: Received a GET request for /api/projects/wm2uh5uif2bokpze95cg508y/flags
2024-06-12T17:01:45.795Z [32minfo[39m: Received a GET request for /api/projects/wm2uh5uif2bokpze95cg508y/flags
2024-06-12T17:02:51.639Z [32minfo[39m: Received a GET request for /api/projects/wm2uh5uif2bokpze95cg508y/flags
2024-06-12T17:05:48.466Z [32minfo[39m: Received a GET request for /api/projects/wm2uh5uif2bokpze95cg508y/flags
2024-06-12T17:07:03.128Z [31merror[39m: Received a GET request for /api/projects/wm2uh5uif2bokpze95cg508y/flags
2024-06-12T17:07:12.628Z [32minfo[39m: Received a GET request for /api/projects/wm2uh5uif2bokpze95cg508y/flags
2024-06-12T17:07:40.563Z [32minfo[39m: Received a GET request for /api/projects/wm2uh5uif2bokpze95cg508y/flags
2024-06-12T17:08:30.978Z [32minfo[39m: Received a GET request for /api/projects/wm2uh5uif2bokpze95cg508y/flags
2024-06-12T17:10:36.645Z [32minfo[39m: Received a GET request for /api/projects/wm2uh5uif2bokpze95cg508y/flags
2024-06-12T17:11:09.125Z [32minfo[39m: Received a GET request for /api/projects/wm2uh5uif2bokpze95cg508y/flags
2024-06-12T17:12:01.893Z [32minfo[39m: Received a GET request for /api/projects/wm2uh5uif2bokpze95cg508y/flags
2024-06-12T17:12:24.991Z [32minfo[39m: Received a GET request for /api/projects/wm2uh5uif2bokpze95cg508y/flags
2024-06-12T17:12:48.035Z [32minfo[39m: Received a GET request for /api/projects/wm2uh5uif2bokpze95cg508y/flags
2024-06-12T17:15:17.241Z [31merror[39m: Received a GET request for /api/projects/wm2uh5uif2bokpze95cg508y/flags
2024-06-12T17:15:28.530Z [32minfo[39m: Received a GET request for /api/projects/wm2uh5uif2bokpze95cg508y/flags
2024-06-12T17:15:54.128Z [32minfo[39m: Received a GET request for /api/projects/wm2uh5uif2bokpze95cg508y/flags
2024-06-12T17:17:21.032Z [32mhttp[39m: Received a GET request for /api/projects/wm2uh5uif2bokpze95cg508y/flags
2024-06-12T17:19:09.084Z [32minfo[39m: Received a GET request for /api/projects/wm2uh5uif2bokpze95cg508y/environments
